TN:
SF:src/app/Authorization/Authorizer.ts
FN:6,(anonymous_13)
FN:11,Authorizer
FN:18,(anonymous_15)
FN:37,(anonymous_18)
FN:55,(anonymous_21)
FN:59,(anonymous_22)
FNF:6
FNH:6
FNDA:2,(anonymous_13)
FNDA:7,Authorizer
FNDA:2,(anonymous_15)
FNDA:3,(anonymous_18)
FNDA:1,(anonymous_21)
FNDA:1,(anonymous_22)
DA:1,2
DA:2,2
DA:3,2
DA:6,2
DA:11,8
DA:12,8
DA:14,7
DA:15,7
DA:18,2
DA:19,2
DA:22,3
DA:23,1
DA:30,2
DA:31,1
DA:33,1
DA:37,2
DA:38,3
DA:39,3
DA:40,1
DA:44,2
DA:45,1
DA:49,1
DA:55,2
DA:56,1
DA:59,2
DA:60,1
DA:62,2
LF:27
LH:27
BRDA:11,0,0,1
BRDA:12,1,0,1
BRDA:19,2,0,2
BRDA:19,2,1,1
BRDA:22,3,0,1
BRDA:38,4,0,3
BRDA:39,5,0,1
BRDA:39,5,1,2
BRDA:39,6,0,3
BRDA:39,6,1,3
BRDA:44,7,0,1
BRF:11
BRH:11
end_of_record
TN:
SF:src/app/Authorization/SessionTokenDBAccess.ts
FN:4,(anonymous_13)
FN:7,SessionTokenDBAccess
FN:12,(anonymous_15)
FN:13,(anonymous_18)
FN:14,(anonymous_19)
FN:24,(anonymous_20)
FN:25,(anonymous_23)
FN:26,(anonymous_24)
FN:40,(anonymous_25)
FN:41,(anonymous_28)
FN:45,(anonymous_29)
FNF:11
FNH:11
FNDA:3,(anonymous_13)
FNDA:7,SessionTokenDBAccess
FNDA:2,(anonymous_15)
FNDA:2,(anonymous_18)
FNDA:2,(anonymous_19)
FNDA:3,(anonymous_20)
FNDA:3,(anonymous_23)
FNDA:3,(anonymous_24)
FNDA:2,(anonymous_25)
FNDA:2,(anonymous_28)
FNDA:2,(anonymous_29)
DA:2,3
DA:4,3
DA:7,7
DA:8,7
DA:9,7
DA:12,3
DA:13,2
DA:14,2
DA:15,2
DA:16,1
DA:18,1
DA:24,3
DA:25,3
DA:26,3
DA:27,3
DA:28,1
DA:30,2
DA:31,1
DA:33,1
DA:40,3
DA:41,2
DA:42,2
DA:46,2
DA:47,1
DA:49,1
DA:50,0
DA:52,1
DA:59,3
LF:28
LH:27
BRDA:7,0,0,0
BRDA:15,1,0,1
BRDA:15,1,1,1
BRDA:27,2,0,1
BRDA:27,2,1,2
BRDA:30,3,0,1
BRDA:30,3,1,1
BRDA:46,4,0,1
BRDA:46,4,1,1
BRDA:49,5,0,0
BRDA:49,5,1,1
BRF:11
BRH:9
end_of_record
TN:
SF:src/app/Authorization/UserCredentialsDbAccess.ts
FN:4,(anonymous_13)
FN:7,UserCredentialsDbAccess
FN:12,(anonymous_15)
FN:15,(anonymous_18)
FN:16,(anonymous_19)
FN:26,(anonymous_20)
FN:30,(anonymous_23)
FN:33,(anonymous_24)
FNF:8
FNH:8
FNDA:3,(anonymous_13)
FNDA:1,UserCredentialsDbAccess
FNDA:2,(anonymous_15)
FNDA:2,(anonymous_18)
FNDA:2,(anonymous_19)
FNDA:3,(anonymous_20)
FNDA:3,(anonymous_23)
FNDA:3,(anonymous_24)
DA:1,3
DA:4,3
DA:7,1
DA:8,1
DA:9,1
DA:12,3
DA:15,2
DA:16,2
DA:17,2
DA:18,1
DA:20,1
DA:26,3
DA:30,3
DA:31,3
DA:34,3
DA:35,1
DA:37,2
DA:38,1
DA:40,1
DA:47,3
LF:20
LH:20
BRDA:7,0,0,0
BRDA:17,1,0,1
BRDA:17,1,1,1
BRDA:34,2,0,1
BRDA:34,2,1,2
BRDA:37,3,0,1
BRDA:37,3,1,1
BRF:7
BRH:6
end_of_record
TN:
SF:src/app/Data/UsersDBAccess.ts
FN:4,(anonymous_13)
FN:8,UsersDBAccess
FN:13,(anonymous_15)
FN:14,(anonymous_18)
FN:15,(anonymous_19)
FN:25,(anonymous_20)
FN:27,(anonymous_23)
FN:28,(anonymous_24)
FNF:8
FNH:2
FNDA:1,(anonymous_13)
FNDA:3,UsersDBAccess
FNDA:0,(anonymous_15)
FNDA:0,(anonymous_18)
FNDA:0,(anonymous_19)
FNDA:0,(anonymous_20)
FNDA:0,(anonymous_23)
FNDA:0,(anonymous_24)
DA:1,1
DA:4,1
DA:8,6
DA:9,3
DA:10,3
DA:13,1
DA:14,0
DA:15,0
DA:16,0
DA:17,0
DA:19,0
DA:25,1
DA:26,0
DA:27,0
DA:28,0
DA:29,0
DA:30,0
DA:32,0
DA:37,1
LF:19
LH:8
BRDA:8,0,0,3
BRDA:16,1,0,0
BRDA:16,1,1,0
BRDA:29,2,0,0
BRDA:29,2,1,0
BRF:5
BRH:1
end_of_record
TN:
SF:src/app/Handlers/DataHandler.ts
FN:11,(anonymous_13)
FN:17,DataHandler
FN:29,(anonymous_15)
FN:42,(anonymous_18)
FN:46,(anonymous_21)
FN:75,(anonymous_24)
FNF:6
FNH:6
FNDA:2,(anonymous_13)
FNDA:6,DataHandler
FNDA:6,(anonymous_15)
FNDA:1,(anonymous_18)
FNDA:4,(anonymous_21)
FNDA:4,(anonymous_24)
DA:2,2
DA:8,2
DA:11,2
DA:23,6
DA:24,6
DA:25,6
DA:26,6
DA:29,2
DA:30,6
DA:31,1
DA:32,2
DA:33,1
DA:34,4
DA:35,8
DA:36,4
DA:38,1
DA:42,2
DA:43,1
DA:46,2
DA:48,4
DA:51,4
DA:52,2
DA:53,3
DA:54,1
DA:57,1
DA:60,1
DA:62,1
DA:63,1
DA:66,1
DA:67,1
DA:70,1
DA:71,1
DA:75,2
DA:76,4
DA:77,4
DA:78,4
DA:79,3
DA:80,2
DA:82,1
DA:85,0
DA:88,2
LF:41
LH:40
BRDA:32,0,0,1
BRDA:32,0,1,4
BRDA:32,0,2,1
BRDA:31,1,0,1
BRDA:31,1,1,4
BRDA:51,2,0,1
BRDA:53,3,0,1
BRDA:85,4,0,0
BRDA:77,5,0,0
BRDA:79,6,0,2
BRDA:79,6,1,1
BRF:11
BRH:9
end_of_record
TN:
SF:src/app/Handlers/LoginHandler.ts
FN:6,(anonymous_13)
FN:12,LoginHandler
FN:18,(anonymous_15)
FN:31,(anonymous_18)
FN:35,(anonymous_21)
FNF:5
FNH:5
FNDA:2,(anonymous_13)
FNDA:5,LoginHandler
FNDA:5,(anonymous_15)
FNDA:1,(anonymous_18)
FNDA:3,(anonymous_21)
DA:3,2
DA:4,2
DA:6,2
DA:13,5
DA:14,5
DA:15,5
DA:18,2
DA:19,5
DA:20,1
DA:21,2
DA:22,1
DA:23,3
DA:24,6
DA:25,3
DA:27,1
DA:31,2
DA:32,1
DA:35,2
DA:37,3
DA:38,2
DA:39,2
DA:40,1
DA:41,1
DA:42,1
DA:44,1
DA:45,1
DA:48,1
DA:49,1
DA:52,2
LF:29
LH:29
BRDA:21,0,0,1
BRDA:21,0,1,3
BRDA:21,0,2,1
BRDA:20,1,0,1
BRDA:20,1,1,3
BRDA:39,2,0,1
BRDA:39,2,1,1
BRF:7
BRH:7
end_of_record
TN:
SF:src/app/Models/ServerModels.ts
FN:19,(anonymous_0)
FN:25,(anonymous_1)
FN:49,(anonymous_2)
FN:58,(anonymous_3)
FNF:4
FNH:4
FNDA:6,(anonymous_0)
FNDA:6,(anonymous_1)
FNDA:6,(anonymous_2)
FNDA:6,(anonymous_3)
DA:19,6
DA:20,6
DA:21,6
DA:22,6
DA:25,6
DA:26,6
DA:27,6
DA:28,6
DA:29,6
DA:49,6
DA:50,6
DA:51,6
DA:52,6
DA:53,6
DA:54,6
DA:55,6
DA:58,6
DA:59,6
DA:60,6
DA:61,6
DA:62,6
DA:63,6
LF:22
LH:22
BRDA:19,0,0,6
BRDA:19,0,1,6
BRDA:25,1,0,6
BRDA:25,1,1,6
BRDA:49,2,0,6
BRDA:49,2,1,6
BRDA:58,3,0,6
BRDA:58,3,1,6
BRF:8
BRH:8
end_of_record
TN:
SF:src/app/Server/Server.ts
FN:8,(anonymous_13)
FN:13,(anonymous_15)
FN:14,(anonymous_16)
FN:14,(anonymous_17)
FNF:4
FNH:4
FNDA:4,(anonymous_13)
FNDA:3,(anonymous_15)
FNDA:3,(anonymous_16)
FNDA:3,(anonymous_17)
DA:1,1
DA:2,1
DA:3,1
DA:4,1
DA:5,1
DA:6,1
DA:8,1
DA:10,3
DA:11,3
DA:13,3
DA:14,3
DA:15,3
DA:16,3
DA:17,1
DA:18,2
DA:19,1
DA:20,1
DA:21,2
DA:22,1
DA:24,1
DA:26,3
DA:28,3
DA:30,1
LF:23
LH:23
BRDA:18,0,0,1
BRDA:18,0,1,1
BRDA:18,0,2,1
BRDA:17,1,0,1
BRDA:17,1,1,1
BRF:5
BRH:5
end_of_record
TN:
SF:src/app/Utils/Utils.ts
FN:5,(anonymous_13)
FN:8,(anonymous_15)
FN:17,(anonymous_16)
FN:31,(anonymous_17)
FN:32,(anonymous_20)
FN:34,(anonymous_21)
FN:37,(anonymous_22)
FN:44,(anonymous_23)
FNF:8
FNH:3
FNDA:6,(anonymous_13)
FNDA:4,(anonymous_15)
FNDA:6,(anonymous_16)
FNDA:0,(anonymous_17)
FNDA:0,(anonymous_20)
FNDA:0,(anonymous_21)
FNDA:0,(anonymous_22)
FNDA:0,(anonymous_23)
DA:1,6
DA:5,6
DA:8,6
DA:9,4
DA:10,0
DA:13,4
DA:17,6
DA:18,6
DA:19,6
DA:20,4
DA:21,4
DA:22,4
DA:24,0
DA:27,2
DA:31,6
DA:32,0
DA:33,0
DA:34,0
DA:35,0
DA:37,0
DA:38,0
DA:39,0
DA:41,0
DA:44,0
DA:45,0
DA:50,6
LF:26
LH:14
BRDA:9,0,0,0
BRDA:19,1,0,4
BRDA:19,1,1,2
BRDA:21,2,0,4
BRDA:21,2,1,0
BRF:5
BRH:3
end_of_record
